2019-11-19 15:07:55,598 INFO Starting Nacos v0.9.0 on localhost with PID 49135 (/Users/lusaky/Downloads/nacos/target/nacos-server.jar started by lusaky in /Users/lusaky/Downloads/nacos/bin)

2019-11-19 15:07:55,600 INFO The following profiles are active: standalone

2019-11-19 15:07:57,849 INFO Bean 'org.springframework.security.config.annotation.configuration.ObjectPostProcessorConfiguration' of type [org.springframework.security.config.annotation.configuration.ObjectPostProcessorConfiguration$$EnhancerBySpringCGLIB$$fcd6b44e] is not eligible for getting processed by all BeanPostProcessors (for example: not eligible for auto-proxying)

2019-11-19 15:07:58,008 INFO Bean 'objectPostProcessor' of type [org.springframework.security.config.annotation.configuration.AutowireBeanFactoryObjectPostProcessor] is not eligible for getting processed by all BeanPostProcessors (for example: not eligible for auto-proxying)

2019-11-19 15:07:58,011 INFO Bean 'org.springframework.security.access.expression.method.DefaultMethodSecurityExpressionHandler@302c971f' of type [org.springframework.security.access.expression.method.DefaultMethodSecurityExpressionHandler] is not eligible for getting processed by all BeanPostProcessors (for example: not eligible for auto-proxying)

2019-11-19 15:07:58,015 INFO Bean 'org.springframework.security.config.annotation.method.configuration.GlobalMethodSecurityConfiguration' of type [org.springframework.security.config.annotation.method.configuration.GlobalMethodSecurityConfiguration$$EnhancerBySpringCGLIB$$21ab5700] is not eligible for getting processed by all BeanPostProcessors (for example: not eligible for auto-proxying)

2019-11-19 15:07:58,020 INFO Bean 'methodSecurityMetadataSource' of type [org.springframework.security.access.method.DelegatingMethodSecurityMetadataSource] is not eligible for getting processed by all BeanPostProcessors (for example: not eligible for auto-proxying)

2019-11-19 15:07:58,682 INFO Tomcat initialized with port(s): 8848 (http)

2019-11-19 15:07:58,724 INFO Starting service [Tomcat]

2019-11-19 15:07:58,724 INFO Starting Servlet Engine: Apache Tomcat/9.0.13

2019-11-19 15:07:58,743 INFO The APR based Apache Tomcat Native library which allows optimal performance in production environments was not found on the java.library.path: [/Users/lusaky/Library/Java/Extensions:/Library/Java/Extensions:/Network/Library/Java/Extensions:/System/Library/Java/Extensions:/usr/lib/java:.]

2019-11-19 15:07:58,853 INFO Initializing Spring embedded WebApplicationContext

2019-11-19 15:07:58,853 INFO Root WebApplicationContext: initialization completed in 3157 ms

2019-11-19 15:08:02,369 INFO Autowired annotation is not supported on static fields: static org.springframework.context.ApplicationContext com.alibaba.nacos.naming.boot.SpringContext.context

2019-11-19 15:08:02,632 INFO Initializing ExecutorService 'applicationTaskExecutor'

2019-11-19 15:08:02,861 INFO Adding welcome page: class path resource [static/index.html]

2019-11-19 15:08:03,479 INFO Creating filter chain: Ant [pattern='/'], []

2019-11-19 15:08:03,479 INFO Creating filter chain: Ant [pattern='/**/*.css'], []

2019-11-19 15:08:03,479 INFO Creating filter chain: Ant [pattern='/**/*.js'], []

2019-11-19 15:08:03,479 INFO Creating filter chain: Ant [pattern='/**/*.html'], []

2019-11-19 15:08:03,479 INFO Creating filter chain: Ant [pattern='/**/*.map'], []

2019-11-19 15:08:03,479 INFO Creating filter chain: Ant [pattern='/**/*.svg'], []

2019-11-19 15:08:03,479 INFO Creating filter chain: Ant [pattern='/**/*.png'], []

2019-11-19 15:08:03,480 INFO Creating filter chain: Ant [pattern='/**/*.ico'], []

2019-11-19 15:08:03,480 INFO Creating filter chain: Ant [pattern='/console-fe/public/**'], []

2019-11-19 15:08:03,480 INFO Creating filter chain: Ant [pattern='/v1/auth/login'], []

2019-11-19 15:08:03,480 INFO Creating filter chain: Ant [pattern='/v1/console/health/**'], []

2019-11-19 15:08:03,480 INFO Creating filter chain: Ant [pattern='/v1/cs/**'], []

2019-11-19 15:08:03,480 INFO Creating filter chain: Ant [pattern='/v1/ns/**'], []

2019-11-19 15:08:03,481 INFO Creating filter chain: Ant [pattern='/v1/cmdb/**'], []

2019-11-19 15:08:03,481 INFO Creating filter chain: Ant [pattern='/actuator/**'], []

2019-11-19 15:08:03,481 INFO Creating filter chain: Ant [pattern='/v1/console/server/**'], []

2019-11-19 15:08:03,524 INFO Creating filter chain: any request, [org.springframework.security.web.context.request.async.WebAsyncManagerIntegrationFilter@6a988392, org.springframework.security.web.context.SecurityContextPersistenceFilter@2ce86164, org.springframework.security.web.header.HeaderWriterFilter@1c98290c, org.springframework.security.web.authentication.logout.LogoutFilter@4602c2a9, com.alibaba.nacos.console.filter.JwtAuthenticationTokenFilter@1d71006f, org.springframework.security.web.savedrequest.RequestCacheAwareFilter@51df223b, org.springframework.security.web.servletapi.SecurityContextHolderAwareRequestFilter@4204541c, org.springframework.security.web.authentication.AnonymousAuthenticationFilter@5b6813df, org.springframework.security.web.session.SessionManagementFilter@5bda80bf, org.springframework.security.web.access.ExceptionTranslationFilter@63c5efee, org.springframework.security.web.access.intercept.FilterSecurityInterceptor@6865c751]

2019-11-19 15:08:03,561 INFO Exposing 2 endpoint(s) beneath base path '/actuator'

2019-11-19 15:08:03,597 INFO Initializing ExecutorService 'taskScheduler'

2019-11-19 15:08:03,732 INFO Tomcat started on port(s): 8848 (http) with context path '/nacos'

2019-11-19 15:08:03,748 INFO Started Nacos in 9.284 seconds (JVM running for 10.143)

2019-11-19 15:08:03,748 INFO Nacos Log files: /Users/lusaky/Downloads/nacos/logs/

2019-11-19 15:08:03,748 INFO Nacos Conf files: /Users/lusaky/Downloads/nacos/conf/

2019-11-19 15:08:03,748 INFO Nacos Data files: /Users/lusaky/Downloads/nacos/data/

2019-11-19 15:08:03,748 INFO Nacos started successfully in stand alone mode.

2019-11-19 15:08:07,159 INFO Initializing Spring DispatcherServlet 'dispatcherServlet'

2019-11-19 15:08:07,160 INFO Initializing Servlet 'dispatcherServlet'

2019-11-19 15:08:07,177 INFO Completed initialization in 17 ms

2019-11-19 15:18:02,147 INFO [capacityManagement] start correct usage

2019-11-19 15:18:02,168 INFO [capacityManagement] end correct usage, cost: 0s

2019-11-19 15:18:02,370 WARN clearConfigHistory start

2019-11-19 15:28:02,182 INFO [capacityManagement] start correct usage

2019-11-19 15:28:02,191 INFO [capacityManagement] end correct usage, cost: 0s

2019-11-19 15:28:02,400 WARN clearConfigHistory start

2019-11-19 15:38:02,208 INFO [capacityManagement] start correct usage

2019-11-19 15:38:02,217 INFO [capacityManagement] end correct usage, cost: 0s

2019-11-19 15:38:02,418 WARN clearConfigHistory start

2019-11-19 15:48:02,223 INFO [capacityManagement] start correct usage

2019-11-19 15:48:02,232 INFO [capacityManagement] end correct usage, cost: 0s

2019-11-19 15:48:02,423 WARN clearConfigHistory start

2019-11-19 15:58:02,248 INFO [capacityManagement] start correct usage

2019-11-19 15:58:02,257 INFO [capacityManagement] end correct usage, cost: 0s

2019-11-19 15:58:02,445 WARN clearConfigHistory start

2019-11-19 16:08:02,264 INFO [capacityManagement] start correct usage

2019-11-19 16:08:02,273 INFO [capacityManagement] end correct usage, cost: 0s

2019-11-19 16:08:02,452 WARN clearConfigHistory start

2019-11-19 16:18:02,289 INFO [capacityManagement] start correct usage

2019-11-19 16:18:02,295 INFO [capacityManagement] end correct usage, cost: 0s

2019-11-19 16:18:02,469 WARN clearConfigHistory start

2019-11-19 16:28:02,309 INFO [capacityManagement] start correct usage

2019-11-19 16:28:02,318 INFO [capacityManagement] end correct usage, cost: 0s

2019-11-19 16:28:02,487 WARN clearConfigHistory start

2019-11-19 16:38:02,325 INFO [capacityManagement] start correct usage

2019-11-19 16:38:02,334 INFO [capacityManagement] end correct usage, cost: 0s

2019-11-19 16:38:02,498 WARN clearConfigHistory start

2019-11-19 16:48:02,348 INFO [capacityManagement] start correct usage

2019-11-19 16:48:02,353 INFO [capacityManagement] end correct usage, cost: 0s

2019-11-19 16:48:02,516 WARN clearConfigHistory start

2019-11-19 16:58:02,368 INFO [capacityManagement] start correct usage

2019-11-19 16:58:02,371 INFO [capacityManagement] end correct usage, cost: 0s

2019-11-19 16:58:02,531 WARN clearConfigHistory start

