2019-11-19 15:07:58,912 INFO [VIPSRV-DISTRO] healthy server list changed, disable health check for 60000 ms from now on, healthList: [], newHealthyList [192.168.200.136:0]

2019-11-19 15:08:03,733 INFO [SERVER-INIT] got port: 8848

2019-11-19 15:08:03,734 INFO [SERVER-INIT] got path: /nacos

2019-11-19 15:08:04,018 INFO [AUTO-INIT] leader is: 192.168.200.136:8848

2019-11-19 15:08:32,373 INFO [HEALTH-CHECK] health check is false

2019-11-19 15:08:59,020 INFO [VIPSRV-DISTRO] distro threshold restored and stable now, enable health check. current ratio: 1.0

2019-11-19 15:08:59,020 INFO [VIPSRV-DISTRO] healthy server list changed, disable health check for 60000 ms from now on

2019-11-19 15:09:59,040 INFO [VIPSRV-DISTRO] distro threshold restored and stable now, enable health check. current ratio: 1.0

2019-11-19 15:13:32,383 INFO [HEALTH-CHECK] health check is true

2019-11-19 15:18:32,394 INFO [HEALTH-CHECK] health check is true

2019-11-19 15:23:32,407 INFO [HEALTH-CHECK] health check is true

2019-11-19 15:28:32,413 INFO [HEALTH-CHECK] health check is true

2019-11-19 15:33:32,424 INFO [HEALTH-CHECK] health check is true

2019-11-19 15:38:32,437 INFO [HEALTH-CHECK] health check is true

2019-11-19 15:43:32,434 INFO [HEALTH-CHECK] health check is true

2019-11-19 15:48:32,447 INFO [HEALTH-CHECK] health check is true

2019-11-19 15:53:32,457 INFO [HEALTH-CHECK] health check is true

2019-11-19 15:58:32,470 INFO [HEALTH-CHECK] health check is true

2019-11-19 16:03:32,482 INFO [HEALTH-CHECK] health check is true

2019-11-19 16:08:32,482 INFO [HEALTH-CHECK] health check is true

2019-11-19 16:13:32,493 INFO [HEALTH-CHECK] health check is true

2019-11-19 16:18:32,503 INFO [HEALTH-CHECK] health check is true

2019-11-19 16:23:32,515 INFO [HEALTH-CHECK] health check is true

2019-11-19 16:28:32,528 INFO [HEALTH-CHECK] health check is true

2019-11-19 16:33:32,540 INFO [HEALTH-CHECK] health check is true

2019-11-19 16:37:52,466 INFO [RESET-WEIGHT] false

2019-11-19 16:37:52,478 ERROR [REG-SERIVCE] register service failed, service:DEFAULT_GROUP@@zuihou-gateway-server

java.lang.IllegalArgumentException: dom name can only have these characters: 0-9a-zA-Z.:_-; current: DEFAULT_GROUP@@zuihou-gateway-server
	at com.alibaba.nacos.naming.core.VirtualClusterDomain.setName(VirtualClusterDomain.java:415)
	at com.alibaba.nacos.naming.web.ApiCommands.addOrReplaceDom(ApiCommands.java:427)
	at com.alibaba.nacos.naming.web.ApiCommands.regDom(ApiCommands.java:288)
	at com.alibaba.nacos.naming.web.ApiCommands$4.run(ApiCommands.java:598)
	at java.util.concurrent.ThreadPoolExecutor.runWorker(ThreadPoolExecutor.java:1149)
	at java.util.concurrent.ThreadPoolExecutor$Worker.run(ThreadPoolExecutor.java:624)
	at java.lang.Thread.run(Thread.java:748)
2019-11-19 16:37:52,484 INFO [RESET-WEIGHT] false

2019-11-19 16:37:57,520 INFO [RESET-WEIGHT] false

2019-11-19 16:38:02,531 INFO [RESET-WEIGHT] false

2019-11-19 16:38:07,540 INFO [RESET-WEIGHT] false

2019-11-19 16:38:12,549 INFO [RESET-WEIGHT] false

2019-11-19 16:38:17,559 INFO [RESET-WEIGHT] false

2019-11-19 16:38:22,573 INFO [RESET-WEIGHT] false

2019-11-19 16:38:27,582 INFO [RESET-WEIGHT] false

2019-11-19 16:38:32,544 INFO [HEALTH-CHECK] health check is true

2019-11-19 16:38:32,615 INFO [RESET-WEIGHT] false

2019-11-19 16:38:37,627 INFO [RESET-WEIGHT] false

2019-11-19 16:38:42,640 INFO [RESET-WEIGHT] false

2019-11-19 16:38:47,651 INFO [RESET-WEIGHT] false

2019-11-19 16:38:52,660 INFO [RESET-WEIGHT] false

2019-11-19 16:38:57,667 INFO [RESET-WEIGHT] false

2019-11-19 16:39:02,680 INFO [RESET-WEIGHT] false

2019-11-19 16:39:07,698 INFO [RESET-WEIGHT] false

2019-11-19 16:39:12,707 INFO [RESET-WEIGHT] false

2019-11-19 16:39:17,715 INFO [RESET-WEIGHT] false

2019-11-19 16:39:22,728 INFO [RESET-WEIGHT] false

2019-11-19 16:39:27,740 INFO [RESET-WEIGHT] false

2019-11-19 16:39:32,747 INFO [RESET-WEIGHT] false

2019-11-19 16:39:37,755 INFO [RESET-WEIGHT] false

2019-11-19 16:39:42,764 INFO [RESET-WEIGHT] false

2019-11-19 16:39:47,776 INFO [RESET-WEIGHT] false

2019-11-19 16:39:52,791 INFO [RESET-WEIGHT] false

2019-11-19 16:39:57,799 INFO [RESET-WEIGHT] false

2019-11-19 16:40:02,809 INFO [RESET-WEIGHT] false

2019-11-19 16:40:07,818 INFO [RESET-WEIGHT] false

2019-11-19 16:40:12,828 INFO [RESET-WEIGHT] false

2019-11-19 16:40:17,840 INFO [RESET-WEIGHT] false

2019-11-19 16:40:22,855 INFO [RESET-WEIGHT] false

2019-11-19 16:40:27,862 INFO [RESET-WEIGHT] false

2019-11-19 16:40:32,875 INFO [RESET-WEIGHT] false

2019-11-19 16:40:37,886 INFO [RESET-WEIGHT] false

2019-11-19 16:40:42,898 INFO [RESET-WEIGHT] false

2019-11-19 16:40:47,910 INFO [RESET-WEIGHT] false

2019-11-19 16:40:52,917 INFO [RESET-WEIGHT] false

2019-11-19 16:40:57,929 INFO [RESET-WEIGHT] false

2019-11-19 16:41:02,940 INFO [RESET-WEIGHT] false

2019-11-19 16:41:07,947 INFO [RESET-WEIGHT] false

2019-11-19 16:41:12,961 INFO [RESET-WEIGHT] false

2019-11-19 16:41:27,992 INFO [RESET-WEIGHT] false

2019-11-19 16:41:27,995 INFO [RESET-WEIGHT] false

2019-11-19 16:41:27,995 ERROR [REG-SERIVCE] register service failed, service:DEFAULT_GROUP@@zuihou-gateway-server

java.lang.IllegalArgumentException: dom name can only have these characters: 0-9a-zA-Z.:_-; current: DEFAULT_GROUP@@zuihou-gateway-server
	at com.alibaba.nacos.naming.core.VirtualClusterDomain.setName(VirtualClusterDomain.java:415)
	at com.alibaba.nacos.naming.web.ApiCommands.addOrReplaceDom(ApiCommands.java:427)
	at com.alibaba.nacos.naming.web.ApiCommands.regDom(ApiCommands.java:288)
	at com.alibaba.nacos.naming.web.ApiCommands$4.run(ApiCommands.java:598)
	at java.util.concurrent.ThreadPoolExecutor.runWorker(ThreadPoolExecutor.java:1149)
	at java.util.concurrent.ThreadPoolExecutor$Worker.run(ThreadPoolExecutor.java:624)
	at java.lang.Thread.run(Thread.java:748)
2019-11-19 16:41:33,008 INFO [RESET-WEIGHT] false

2019-11-19 16:41:42,794 INFO [RESET-WEIGHT] false

2019-11-19 16:41:47,878 INFO [RESET-WEIGHT] false

2019-11-19 16:41:52,887 INFO [RESET-WEIGHT] false

2019-11-19 16:41:57,897 INFO [RESET-WEIGHT] false

2019-11-19 16:42:02,915 INFO [RESET-WEIGHT] false

2019-11-19 16:42:07,928 INFO [RESET-WEIGHT] false

2019-11-19 16:42:12,939 INFO [RESET-WEIGHT] false

2019-11-19 16:42:17,948 INFO [RESET-WEIGHT] false

2019-11-19 16:42:22,960 INFO [RESET-WEIGHT] false

2019-11-19 16:42:27,973 INFO [RESET-WEIGHT] false

2019-11-19 16:42:32,985 INFO [RESET-WEIGHT] false

2019-11-19 16:42:37,992 INFO [RESET-WEIGHT] false

2019-11-19 16:42:43,001 INFO [RESET-WEIGHT] false

2019-11-19 16:42:48,014 INFO [RESET-WEIGHT] false

2019-11-19 16:42:53,023 INFO [RESET-WEIGHT] false

2019-11-19 16:42:58,034 INFO [RESET-WEIGHT] false

2019-11-19 16:43:03,045 INFO [RESET-WEIGHT] false

2019-11-19 16:43:08,057 INFO [RESET-WEIGHT] false

2019-11-19 16:43:13,078 INFO [RESET-WEIGHT] false

2019-11-19 16:43:18,094 INFO [RESET-WEIGHT] false

2019-11-19 16:43:23,103 INFO [RESET-WEIGHT] false

2019-11-19 16:43:28,119 INFO [RESET-WEIGHT] false

2019-11-19 16:43:32,555 INFO [HEALTH-CHECK] health check is true

2019-11-19 16:43:33,135 INFO [RESET-WEIGHT] false

2019-11-19 16:43:38,147 INFO [RESET-WEIGHT] false

2019-11-19 16:43:43,155 INFO [RESET-WEIGHT] false

2019-11-19 16:43:48,165 INFO [RESET-WEIGHT] false

2019-11-19 16:43:53,178 INFO [RESET-WEIGHT] false

2019-11-19 16:43:58,193 INFO [RESET-WEIGHT] false

2019-11-19 16:44:03,207 INFO [RESET-WEIGHT] false

2019-11-19 16:44:08,217 INFO [RESET-WEIGHT] false

2019-11-19 16:44:13,232 INFO [RESET-WEIGHT] false

2019-11-19 16:44:18,250 INFO [RESET-WEIGHT] false

2019-11-19 16:44:23,262 INFO [RESET-WEIGHT] false

2019-11-19 16:48:32,564 INFO [HEALTH-CHECK] health check is true

2019-11-19 16:53:32,575 INFO [HEALTH-CHECK] health check is true

2019-11-19 16:58:32,586 INFO [HEALTH-CHECK] health check is true

2019-11-19 17:03:32,599 INFO [HEALTH-CHECK] health check is true

