2019-11-19 15:08:32,372 INFO PERFORMANCE:|0|0|-1|-1

2019-11-19 15:13:32,381 INFO PERFORMANCE:|0|0|-1|-1

2019-11-19 15:18:32,392 INFO PERFORMANCE:|0|0|-1|-1

2019-11-19 15:23:32,405 INFO PERFORMANCE:|0|0|-1|-1

2019-11-19 15:28:32,411 INFO PERFORMANCE:|0|0|-1|-1

2019-11-19 15:33:32,422 INFO PERFORMANCE:|0|0|-1|-1

2019-11-19 15:38:32,435 INFO PERFORMANCE:|0|0|-1|-1

2019-11-19 15:43:32,432 INFO PERFORMANCE:|0|0|-1|-1

2019-11-19 15:48:32,446 INFO PERFORMANCE:|0|0|-1|-1

2019-11-19 15:53:32,455 INFO PERFORMANCE:|0|0|-1|-1

2019-11-19 15:58:32,468 INFO PERFORMANCE:|0|0|-1|-1

2019-11-19 16:03:32,481 INFO PERFORMANCE:|0|0|-1|-1

2019-11-19 16:08:32,480 INFO PERFORMANCE:|0|0|-1|-1

2019-11-19 16:13:32,491 INFO PERFORMANCE:|0|0|-1|-1

2019-11-19 16:18:32,501 INFO PERFORMANCE:|0|0|-1|-1

2019-11-19 16:23:32,513 INFO PERFORMANCE:|0|0|-1|-1

2019-11-19 16:28:32,526 INFO PERFORMANCE:|0|0|-1|-1

2019-11-19 16:33:32,538 INFO PERFORMANCE:|0|0|-1|-1

2019-11-19 16:38:32,541 INFO PERFORMANCE:|0|0|-1|-1

2019-11-19 16:43:32,553 INFO PERFORMANCE:|0|0|-1|-1

2019-11-19 16:48:32,564 INFO PERFORMANCE:|0|0|-1|-1

2019-11-19 16:53:32,575 INFO PERFORMANCE:|0|0|-1|-1

2019-11-19 16:58:32,585 INFO PERFORMANCE:|0|0|-1|-1

2019-11-19 17:03:32,599 INFO PERFORMANCE:|0|0|-1|-1

